# JRE version: OpenJDK Runtime Environment (26.0.1+8) (build 26.0.1+8-34)
# Java VM: OpenJDK 64-Bit Server VM (26.0.1+8-34, mixed mode, sharing, tiered, compressed oops, compressed class ptrs, g1 gc, windows-amd64)
GC Precious Log:
 CardTable entry size: 512
 Card Set container configuration: InlinePtr #cards 4 size 8 Array Of Cards #cards 32 size 80 Howl #buckets 8 coarsen threshold 7372 Howl Bitmap #cards 1024 size 144 coarsen threshold 921 Card regions per heap region 1 cards per card region 8192
 CPUs: 16 total, 16 available
 Memory: 23912M
 Large Page Support: Disabled
 NUMA Support: Disabled
 Compressed Oops: Enabled (Zero based)
 Heap Region Size: 4M
 Heap Min Capacity: 8M
 Heap Initial Capacity: 8M
 Heap Max Capacity: 5980M
 Pre-touch: Disabled
 Parallel Workers: 13
 Concurrent Workers: 3
 Concurrent Refinement Workers: 13
 Periodic GC: Disabled
Heap:
 garbage-first heap   total reserved 6123520K, committed 24576K, used 8599K [0x000000068a400000, 0x0000000800000000)
  region size 4M, 1 eden (4M), 1 survivor (4M), 2 old (8M), 0 humongous (0M), 2 free (8M)
GC Heap Usage History (10 events):
Event: 0.414 {heap Before GC invocations=0 (full 0):
 garbage-first heap   total reserved 6123520K, committed 12288K, used 5279K [0x000000068a400000, 0x0000000800000000)
  region size 4M, 1 eden (4M), 0 survivor (0M), 1 old (4M), 0 humongous (0M), 1 free (4M)
}
Event: 0.417 {heap After GC invocations=1 (full 0):
 garbage-first heap   total reserved 6123520K, committed 12288K, used 2346K [0x000000068a400000, 0x0000000800000000)
  region size 4M, 0 eden (0M), 1 survivor (4M), 1 old (4M), 0 humongous (0M), 1 free (4M)
}
Event: 0.512 {heap Before GC invocations=1 (full 0):
 garbage-first heap   total reserved 6123520K, committed 12288K, used 2346K [0x000000068a400000, 0x0000000800000000)
  region size 4M, 1 eden (4M), 1 survivor (4M), 1 old (4M), 0 humongous (0M), 0 free (0M)
}
Event: 0.514 {heap After GC invocations=2 (full 0):
 garbage-first heap   total reserved 6123520K, committed 16384K, used 3134K [0x000000068a400000, 0x0000000800000000)
  region size 4M, 0 eden (0M), 1 survivor (4M), 1 old (4M), 0 humongous (0M), 2 free (8M)
}
Event: 0.600 {heap Before GC invocations=3 (full 0):
 garbage-first heap   total reserved 6123520K, committed 16384K, used 3134K [0x000000068a400000, 0x0000000800000000)
  region size 4M, 1 eden (4M), 1 survivor (4M), 1 old (4M), 0 humongous (0M), 1 free (4M)
}
Event: 0.604 {heap After GC invocations=4 (full 0):
 garbage-first heap   total reserved 6123520K, committed 20480K, used 7327K [0x000000068a400000, 0x0000000800000000)
  region size 4M, 0 eden (0M), 1 survivor (4M), 2 old (8M), 0 humongous (0M), 2 free (8M)
}
Event: 11.052 {heap Before GC invocations=4 (full 0):
 garbage-first heap   total reserved 6123520K, committed 20480K, used 11423K [0x000000068a400000, 0x0000000800000000)
  region size 4M, 1 eden (4M), 1 survivor (4M), 2 old (8M), 0 humongous (0M), 1 free (4M)
}
Event: 11.056 {heap After GC invocations=5 (full 0):
 garbage-first heap   total reserved 6123520K, committed 24576K, used 7475K [0x000000068a400000, 0x0000000800000000)
  region size 4M, 0 eden (0M), 1 survivor (4M), 2 old (8M), 0 humongous (0M), 3 free (12M)
}
Event: 13.283 {heap Before GC invocations=5 (full 0):
 garbage-first heap   total reserved 6123520K, committed 24576K, used 11571K [0x000000068a400000, 0x0000000800000000)
  region size 4M, 1 eden (4M), 1 survivor (4M), 2 old (8M), 0 humongous (0M), 2 free (8M)
}
Event: 13.285 {heap After GC invocations=6 (full 0):
 garbage-first heap   total reserved 6123520K, committed 24576K, used 8599K [0x000000068a400000, 0x0000000800000000)
  region size 4M, 0 eden (0M), 1 survivor (4M), 2 old (8M), 0 humongous (0M), 3 free (12M)
}

